[22:02:23] [main/INFO]: Setting user: ForgeDevName
[22:02:24] [Client thread/INFO]: LWJGL Version: 2.9.1
[22:02:30] [Client thread/INFO]: Reloading ResourceManager: Default, FMLFileResourcePack:Forge Mod Loader, FMLFileResourcePack:Minecraft Forge, FMLFileResourcePack:Matter Craft
[22:02:31] [Sound Library Loader/INFO]: Sound engine started
[22:02:32] [Client thread/INFO]: Created: 512x256 textures/blocks-atlas
[22:02:33] [Client thread/INFO]: Created: 256x256 textures/items-atlas
[22:02:33] [Client thread/INFO]: Reloading ResourceManager: Default, FMLFileResourcePack:Forge Mod Loader, FMLFileResourcePack:Minecraft Forge, FMLFileResourcePack:Matter Craft
[22:02:33] [Client thread/INFO]: Created: 256x256 textures/items-atlas
[22:02:33] [Client thread/INFO]: Created: 512x256 textures/blocks-atlas
[22:02:34] [Sound Library Loader/INFO]: Sound engine started
[22:02:39] [Server thread/INFO]: Starting integrated minecraft server version 1.7.10
[22:02:39] [Server thread/INFO]: Generating keypair
[22:02:40] [Server thread/INFO]: Preparing start region for level 0
[22:02:41] [Server thread/INFO]: Preparing spawn area: 73%
[22:02:41] [Server thread/INFO]: Changing view distance to 12, from 10
[22:02:42] [Server thread/INFO]: ForgeDevName[local:E:2b4b5407] logged in with entity id 12 at (7.410127376269503, 237.0, 53.98578211281298)
[22:02:42] [Server thread/INFO]: ForgeDevName joined the game
[22:03:44] [Server thread/INFO]: Saving and pausing game...
[22:03:44] [Server thread/INFO]: Saving chunks for level 'DevTestFlat'/Overworld
[22:03:44] [Server thread/INFO]: Saving chunks for level 'DevTestFlat'/Nether
[22:03:44] [Server thread/INFO]: Saving chunks for level 'DevTestFlat'/The End
[22:03:44] [Server thread/INFO]: Stopping server
[22:03:44] [Server thread/INFO]: Saving players
[22:03:44] [Server thread/INFO]: Saving worlds
[22:03:44] [Server thread/INFO]: Saving chunks for level 'DevTestFlat'/Overworld
[22:03:44] [Server thread/INFO]: Saving chunks for level 'DevTestFlat'/Nether
[22:03:44] [Server thread/INFO]: Saving chunks for level 'DevTestFlat'/The End
[22:03:45] [Client thread/INFO]: Stopping!
